Using pre-set license
Built from '2020.3/staging' branch; Version is '2020.3.3f1 (76626098c1c4) revision 7758432'; Using compiler version '192528614'; Build Type 'Release'
OS: 'Windows 10 Pro; OS build 19043.1165; Version 2009; 64bit' Language: 'fi' Physical Memory: 7889 MB
BatchMode: 1, IsHumanControllingUs: 0, StartBugReporterOnCrash: 0, Is64bit: 1, IsPro: 0

 COMMAND LINE ARGUMENTS:
C:\Program Files\Unity\Hub\Editor\2020.3.3f1\Editor\Unity.exe
-adb2
-batchMode
-noUpm
-name
AssetImportWorker0
-projectPath
C:/Users/oma/Desktop/Tanja/Unity/Blackbelt_s2021/Blackbelt-s2021
-logFile
Logs/AssetImportWorker0.log
-srvPort
54782
Successfully changed project path to: C:/Users/oma/Desktop/Tanja/Unity/Blackbelt_s2021/Blackbelt-s2021
C:/Users/oma/Desktop/Tanja/Unity/Blackbelt_s2021/Blackbelt-s2021
Using Asset Import Pipeline V2.
Refreshing native plugins compatible for Editor in 71.38 ms, found 0 plugins.
Preloading 0 native plugins for Editor in 0.00 ms.
Initialize engine version: 2020.3.3f1 (76626098c1c4)
[Subsystems] Discovering subsystems at path C:/Program Files/Unity/Hub/Editor/2020.3.3f1/Editor/Data/Resources/UnitySubsystems
[Subsystems] Discovering subsystems at path C:/Users/oma/Desktop/Tanja/Unity/Blackbelt_s2021/Blackbelt-s2021/Assets
GfxDevice: creating device client; threaded=0
Direct3D:
    Version:  Direct3D 11.0 [level 11.0]
    Renderer: Intel(R) HD Graphics 4000 (ID=0x166)
    Vendor:   
    VRAM:     128 MB
    Driver:   10.18.10.4252
Initialize mono
Mono path[0] = 'C:/Program Files/Unity/Hub/Editor/2020.3.3f1/Editor/Data/Managed'
Mono path[1] = 'C:/Program Files/Unity/Hub/Editor/2020.3.3f1/Editor/Data/MonoBleedingEdge/lib/mono/unityjit'
Mono config path = 'C:/Program Files/Unity/Hub/Editor/2020.3.3f1/Editor/Data/MonoBleedingEdge/etc'
Using monoOptions --debugger-agent=transport=dt_socket,embedding=1,server=y,suspend=n,address=127.0.0.1:56960
Begin MonoManager ReloadAssembly
Registering precompiled unity dll's ...
Register platform support module: C:/Program Files/Unity/Hub/Editor/2020.3.3f1/Editor/Data/PlaybackEngines/WebGLSupport/UnityEditor.WebGL.Extensions.dll
Register platform support module: C:/Program Files/Unity/Hub/Editor/2020.3.3f1/Editor/Data/PlaybackEngines/WindowsStandaloneSupport/UnityEditor.WindowsStandalone.Extensions.dll
Registered in 0.006397 seconds.
Native extension for WindowsStandalone target not found
Native extension for WebGL target not found
Refreshing native plugins compatible for Editor in 179.25 ms, found 0 plugins.
Preloading 0 native plugins for Editor in 0.00 ms.
Invoked RoslynAnalysisRunner static constructor.
RoslynAnalysisRunner will not be running.
RoslynAnalysisRunner has terminated.
Mono: successfully reloaded assembly
- Completed reload, in  9.355 seconds
Platform modules already initialized, skipping
Registering precompiled user dll's ...
Registered in 0.013947 seconds.
Begin MonoManager ReloadAssembly
Native extension for WindowsStandalone target not found
Native extension for WebGL target not found
Refreshing native plugins compatible for Editor in 0.43 ms, found 0 plugins.
Preloading 0 native plugins for Editor in 0.00 ms.
Invoked RoslynAnalysisRunner static constructor.
RoslynAnalysisRunner will not be running.
RoslynAnalysisRunner has terminated.
Mono: successfully reloaded assembly
- Completed reload, in  1.907 seconds
Platform modules already initialized, skipping
========================================================================
Worker process is ready to serve import requests
Launched and connected shader compiler UnityShaderCompiler.exe after 0.17 seconds
Refreshing native plugins compatible for Editor in 0.72 ms, found 0 plugins.
Preloading 0 native plugins for Editor in 0.00 ms.
Unloading 1118 Unused Serialized files (Serialized files now loaded: 0)
System memory in use before: 57.3 MB.
System memory in use after: 57.3 MB.

Unloading 10 unused Assets to reduce memory usage. Loaded Objects now: 1560.
Total: 5.824400 ms (FindLiveObjects: 2.067400 ms CreateObjectMapping: 0.211200 ms MarkObjects: 3.237700 ms  DeleteObjects: 0.304500 ms)

========================================================================
Received Import Request.
  path: Assets/Scripts/Weapon.cs
  artifactKey: Guid(093db8dc2bc5e324ea5f964e6136f7dd) Importer(815301076,1909f56bfc062723c751e8b465ee728b)
Start importing Assets/Scripts/Weapon.cs using Guid(093db8dc2bc5e324ea5f964e6136f7dd) Importer(815301076,1909f56bfc062723c751e8b465ee728b)  -> (artifact id: 'a0cfb225a876c06a45c4b6cd832182f0') in 0.218329 seconds
  Import took 0.229622 seconds .

========================================================================
Received Prepare
Registering precompiled user dll's ...
Registered in 0.003566 seconds.
Begin MonoManager ReloadAssembly
Native extension for WindowsStandalone target not found
Native extension for WebGL target not found
Refreshing native plugins compatible for Editor in 0.30 ms, found 0 plugins.
Preloading 0 native plugins for Editor in 0.00 ms.
Invoked RoslynAnalysisRunner static constructor.
RoslynAnalysisRunner will not be running.
RoslynAnalysisRunner has terminated.
Mono: successfully reloaded assembly
- Completed reload, in  2.040 seconds
Platform modules already initialized, skipping
Refreshing native plugins compatible for Editor in 0.41 ms, found 0 plugins.
Preloading 0 native plugins for Editor in 0.00 ms.
Unloading 1113 Unused Serialized files (Serialized files now loaded: 0)
System memory in use before: 57.2 MB.
System memory in use after: 57.3 MB.

Unloading 5 unused Assets to reduce memory usage. Loaded Objects now: 1563.
Total: 6.350800 ms (FindLiveObjects: 0.784700 ms CreateObjectMapping: 2.495800 ms MarkObjects: 2.980900 ms  DeleteObjects: 0.085700 ms)

========================================================================
Received Prepare
Registering precompiled user dll's ...
Registered in 0.002488 seconds.
Begin MonoManager ReloadAssembly
Native extension for WindowsStandalone target not found
Native extension for WebGL target not found
Refreshing native plugins compatible for Editor in 0.29 ms, found 0 plugins.
Preloading 0 native plugins for Editor in 0.00 ms.
Invoked RoslynAnalysisRunner static constructor.
RoslynAnalysisRunner will not be running.
RoslynAnalysisRunner has terminated.
Mono: successfully reloaded assembly
- Completed reload, in  1.945 seconds
Platform modules already initialized, skipping
Refreshing native plugins compatible for Editor in 0.40 ms, found 0 plugins.
Preloading 0 native plugins for Editor in 0.00 ms.
Unloading 1113 Unused Serialized files (Serialized files now loaded: 0)
System memory in use before: 57.3 MB.
System memory in use after: 57.4 MB.

Unloading 5 unused Assets to reduce memory usage. Loaded Objects now: 1566.
Total: 2.152500 ms (FindLiveObjects: 0.161000 ms CreateObjectMapping: 0.054800 ms MarkObjects: 1.847700 ms  DeleteObjects: 0.087100 ms)

========================================================================
Received Import Request.
  Time since last request: 1259.672965 seconds.
  path: Assets/Graphics/Textures/New Folder
  artifactKey: Guid(44acdbdb8952d4d4c86b46f45b3380ea) Importer(815301076,1909f56bfc062723c751e8b465ee728b)
Start importing Assets/Graphics/Textures/New Folder using Guid(44acdbdb8952d4d4c86b46f45b3380ea) Importer(815301076,1909f56bfc062723c751e8b465ee728b)  -> (artifact id: '322d343c214cbd53098aa771a191dcda') in 0.032917 seconds
  Import took 0.043005 seconds .

========================================================================
Received Import Request.
  Time since last request: 7.845579 seconds.
  path: Assets/Graphics/Textures/Leather
  artifactKey: Guid(44acdbdb8952d4d4c86b46f45b3380ea) Importer(815301076,1909f56bfc062723c751e8b465ee728b)
Start importing Assets/Graphics/Textures/Leather using Guid(44acdbdb8952d4d4c86b46f45b3380ea) Importer(815301076,1909f56bfc062723c751e8b465ee728b)  -> (artifact id: 'f0392f1ffcea0d24a28910f0c0f209f3') in 0.087986 seconds
  Import took 0.099949 seconds .

========================================================================
Received Import Request.
  Time since last request: 43.210798 seconds.
  path: Assets/Graphics/Textures/Leather/leather_white_diff_1k.jpg
  artifactKey: Guid(5c4ca797bc698f643a83fc943693f3a3) Importer(815301076,1909f56bfc062723c751e8b465ee728b)
Start importing Assets/Graphics/Textures/Leather/leather_white_diff_1k.jpg using Guid(5c4ca797bc698f643a83fc943693f3a3) Importer(815301076,1909f56bfc062723c751e8b465ee728b)  -> (artifact id: '9b96ba84f69c2481632a2632aea1fabc') in 0.449931 seconds
  Import took 0.459286 seconds .

========================================================================
Received Import Request.
  Time since last request: 0.000718 seconds.
  path: Assets/Graphics/Textures/Leather/leather_white_rough_1k.jpg
  artifactKey: Guid(f691fe3dd9d84ed4b9b0861f5e1ec068) Importer(815301076,1909f56bfc062723c751e8b465ee728b)
Start importing Assets/Graphics/Textures/Leather/leather_white_rough_1k.jpg using Guid(f691fe3dd9d84ed4b9b0861f5e1ec068) Importer(815301076,1909f56bfc062723c751e8b465ee728b)  -> (artifact id: '96a12df6dd5fe8f09b086b10d2af12c8') in 0.077424 seconds
  Import took 0.084899 seconds .

========================================================================
Received Import Request.
  Time since last request: 0.000306 seconds.
  path: Assets/Graphics/Textures/Leather/leather_white_nor_gl_1k.exr
  artifactKey: Guid(ed52c1905d8935a41a64b090f5851c26) Importer(815301076,1909f56bfc062723c751e8b465ee728b)
Start importing Assets/Graphics/Textures/Leather/leather_white_nor_gl_1k.exr using Guid(ed52c1905d8935a41a64b090f5851c26) Importer(815301076,1909f56bfc062723c751e8b465ee728b)  -> (artifact id: 'd3cdaee250fa8c5ba12b42ccbc42837d') in 0.101789 seconds
  Import took 0.107659 seconds .

========================================================================
Received Import Request.
  Time since last request: 76.581587 seconds.
  path: Assets/Graphics/Materials/Apple.mat
  artifactKey: Guid(7264386bf22c0a145bdb99bf8a3ff38a) Importer(815301076,1909f56bfc062723c751e8b465ee728b)
Start importing Assets/Graphics/Materials/Apple.mat using Guid(7264386bf22c0a145bdb99bf8a3ff38a) Importer(815301076,1909f56bfc062723c751e8b465ee728b)  -> (artifact id: '592405ff6767b30e5e288ae31318367d') in 0.211513 seconds
  Import took 0.218285 seconds .

========================================================================
Received Import Request.
  Time since last request: 210.520389 seconds.
  path: Assets/Prefabs/Apple.prefab
  artifactKey: Guid(81750660dbfbbdd4d8f280396be0bbb1) Importer(815301076,1909f56bfc062723c751e8b465ee728b)
Start importing Assets/Prefabs/Apple.prefab using Guid(81750660dbfbbdd4d8f280396be0bbb1) Importer(815301076,1909f56bfc062723c751e8b465ee728b)  -> (artifact id: '992610b9bd283be6a07d86d2ab4b89b7') in 0.071671 seconds
  Import took 0.076758 seconds .

========================================================================
Received Prepare
Registering precompiled user dll's ...
Registered in 0.001725 seconds.
Begin MonoManager ReloadAssembly
Native extension for WindowsStandalone target not found
Native extension for WebGL target not found
Refreshing native plugins compatible for Editor in 0.40 ms, found 0 plugins.
Preloading 0 native plugins for Editor in 0.00 ms.
Invoked RoslynAnalysisRunner static constructor.
RoslynAnalysisRunner will not be running.
RoslynAnalysisRunner has terminated.
Mono: successfully reloaded assembly
- Completed reload, in  2.592 seconds
Platform modules already initialized, skipping
Refreshing native plugins compatible for Editor in 0.44 ms, found 0 plugins.
Preloading 0 native plugins for Editor in 0.00 ms.
Unloading 1113 Unused Serialized files (Serialized files now loaded: 0)
System memory in use before: 60.7 MB.
System memory in use after: 60.7 MB.

Unloading 5 unused Assets to reduce memory usage. Loaded Objects now: 1611.
Total: 4.751500 ms (FindLiveObjects: 0.170500 ms CreateObjectMapping: 0.057400 ms MarkObjects: 4.354600 ms  DeleteObjects: 0.166000 ms)

========================================================================
Received Prepare
Registering precompiled user dll's ...
Registered in 0.001806 seconds.
Begin MonoManager ReloadAssembly
Native extension for WindowsStandalone target not found
Native extension for WebGL target not found
Refreshing native plugins compatible for Editor in 0.34 ms, found 0 plugins.
Preloading 0 native plugins for Editor in 0.00 ms.
Invoked RoslynAnalysisRunner static constructor.
RoslynAnalysisRunner will not be running.
RoslynAnalysisRunner has terminated.
Mono: successfully reloaded assembly
- Completed reload, in  2.266 seconds
Platform modules already initialized, skipping
Refreshing native plugins compatible for Editor in 0.89 ms, found 0 plugins.
Preloading 0 native plugins for Editor in 0.00 ms.
Unloading 1113 Unused Serialized files (Serialized files now loaded: 0)
System memory in use before: 60.7 MB.
System memory in use after: 60.8 MB.

Unloading 5 unused Assets to reduce memory usage. Loaded Objects now: 1614.
Total: 2.930300 ms (FindLiveObjects: 0.230500 ms CreateObjectMapping: 0.072800 ms MarkObjects: 2.541500 ms  DeleteObjects: 0.082800 ms)

========================================================================
Received Prepare
Registering precompiled user dll's ...
Registered in 0.001707 seconds.
Begin MonoManager ReloadAssembly
Native extension for WindowsStandalone target not found
Native extension for WebGL target not found
Refreshing native plugins compatible for Editor in 0.33 ms, found 0 plugins.
Preloading 0 native plugins for Editor in 0.00 ms.
Invoked RoslynAnalysisRunner static constructor.
RoslynAnalysisRunner will not be running.
RoslynAnalysisRunner has terminated.
Mono: successfully reloaded assembly
- Completed reload, in  1.964 seconds
Platform modules already initialized, skipping
Refreshing native plugins compatible for Editor in 0.99 ms, found 0 plugins.
Preloading 0 native plugins for Editor in 0.00 ms.
Unloading 1113 Unused Serialized files (Serialized files now loaded: 0)
System memory in use before: 60.7 MB.
System memory in use after: 60.8 MB.

Unloading 5 unused Assets to reduce memory usage. Loaded Objects now: 1617.
Total: 2.566200 ms (FindLiveObjects: 0.186700 ms CreateObjectMapping: 0.056400 ms MarkObjects: 2.217500 ms  DeleteObjects: 0.102500 ms)

========================================================================
Received Prepare
Registering precompiled user dll's ...
Registered in 0.002484 seconds.
Begin MonoManager ReloadAssembly
Native extension for WindowsStandalone target not found
Native extension for WebGL target not found
Refreshing native plugins compatible for Editor in 0.41 ms, found 0 plugins.
Preloading 0 native plugins for Editor in 0.00 ms.
Invoked RoslynAnalysisRunner static constructor.
RoslynAnalysisRunner will not be running.
RoslynAnalysisRunner has terminated.
Mono: successfully reloaded assembly
- Completed reload, in  4.309 seconds
Platform modules already initialized, skipping
Refreshing native plugins compatible for Editor in 0.61 ms, found 0 plugins.
Preloading 0 native plugins for Editor in 0.00 ms.
Unloading 1113 Unused Serialized files (Serialized files now loaded: 0)
System memory in use before: 60.7 MB.
System memory in use after: 60.8 MB.

Unloading 5 unused Assets to reduce memory usage. Loaded Objects now: 1620.
Total: 3.473600 ms (FindLiveObjects: 0.737900 ms CreateObjectMapping: 0.066500 ms MarkObjects: 2.583200 ms  DeleteObjects: 0.079000 ms)

========================================================================
Received Import Request.
  Time since last request: 1684.205239 seconds.
  path: Assets/Prefabs/Apple.prefab
  artifactKey: Guid(81750660dbfbbdd4d8f280396be0bbb1) Importer(815301076,1909f56bfc062723c751e8b465ee728b)
Start importing Assets/Prefabs/Apple.prefab using Guid(81750660dbfbbdd4d8f280396be0bbb1) Importer(815301076,1909f56bfc062723c751e8b465ee728b)  -> (artifact id: 'b7cb344f2d9d6ac60735978b7643d568') in 0.340288 seconds
  Import took 0.349885 seconds .

========================================================================
Received Prepare
Registering precompiled user dll's ...
Registered in 0.001998 seconds.
Begin MonoManager ReloadAssembly
Native extension for WindowsStandalone target not found
Native extension for WebGL target not found
Refreshing native plugins compatible for Editor in 0.43 ms, found 0 plugins.
Preloading 0 native plugins for Editor in 0.00 ms.
Invoked RoslynAnalysisRunner static constructor.
RoslynAnalysisRunner will not be running.
RoslynAnalysisRunner has terminated.
Mono: successfully reloaded assembly
- Completed reload, in  2.039 seconds
Platform modules already initialized, skipping
Refreshing native plugins compatible for Editor in 0.75 ms, found 0 plugins.
Preloading 0 native plugins for Editor in 0.00 ms.
Unloading 1113 Unused Serialized files (Serialized files now loaded: 0)
System memory in use before: 60.7 MB.
System memory in use after: 60.8 MB.

Unloading 5 unused Assets to reduce memory usage. Loaded Objects now: 1624.
Total: 3.363300 ms (FindLiveObjects: 0.374000 ms CreateObjectMapping: 0.092200 ms MarkObjects: 2.799700 ms  DeleteObjects: 0.094300 ms)

AssetImportWorkerClient::OnTransportError - code=2 error=End of file
